<?xml version="1.0" encoding="UTF-8"?>
<!-- Generated by org.testng.reporters.JUnitReportReporter -->
<testsuite hostname="DESKTOP-9NH4CF8" failures="0" tests="1" name="cucumberRunner.coreRunner" time="0.113" errors="0" timestamp="2024-02-15T23:44:42 IST" skipped="0">
  <testcase classname="cucumberRunner.coreRunner" name="runScenario" time="0.113"/>
</testsuite> <!-- cucumberRunner.coreRunner -->
