<?xml version="1.0" encoding="UTF-8"?>
<!-- Generated by org.testng.reporters.JUnitReportReporter -->
<testsuite hostname="DESKTOP-9NH4CF8" failures="0" tests="1" name="cucumberRunner.coreRunner" time="0.112" errors="0" timestamp="2024-07-08T23:55:21 IST" skipped="0">
  <testcase classname="cucumberRunner.coreRunner" name="runScenario" time="0.112"/>
</testsuite> <!-- cucumberRunner.coreRunner -->
